[    66.599] (--) Log file renamed from "/home/ansible/.local/share/xorg/Xorg.pid-1825.log" to "/home/ansible/.local/share/xorg/Xorg.0.log"
[    66.599] 
X.Org X Server 1.19.6
Release Date: 2017-12-20
[    66.599] X Protocol Version 11, Revision 0
[    66.599] Build Operating System: Linux 4.4.0-138-generic x86_64 Ubuntu
[    66.599] Current Operating System: Linux vish-Aspire-E1-570 4.15.0-43-generic #46-Ubuntu SMP Thu Dec 6 14:45:28 UTC 2018 x86_64
[    66.599] Kernel command line: BOOT_IMAGE=/boot/vmlinuz-4.15.0-43-generic root=UUID=839d0cc4-7392-4b74-9313-c56353a08dc7 ro quiet splash vt.handoff=1
[    66.600] Build Date: 25 October 2018  04:11:27PM
[    66.600] xorg-server 2:1.19.6-1ubuntu4.2 (For technical support please see http://www.ubuntu.com/support) 
[    66.600] Current version of pixman: 0.34.0
[    66.600] 	Before reporting problems, check http://wiki.x.org
	to make sure that you have the latest version.
[    66.600] Markers: (--) probed, (**) from config file, (==) default setting,
	(++) from command line, (!!) notice, (II) informational,
	(WW) warning, (EE) error, (NI) not implemented, (??) unknown.
[    66.600] (==) Log file: "/home/ansible/.local/share/xorg/Xorg.0.log", Time: Wed Jan  2 14:40:41 2019
[    66.628] (==) Using system config directory "/usr/share/X11/xorg.conf.d"
[    66.651] (==) No Layout section.  Using the first Screen section.
[    66.651] (==) No screen section available. Using defaults.
[    66.651] (**) |-->Screen "Default Screen Section" (0)
[    66.651] (**) |   |-->Monitor "<default monitor>"
[    66.661] (==) No monitor specified for screen "Default Screen Section".
	Using a default monitor configuration.
[    66.661] (==) Automatically adding devices
[    66.661] (==) Automatically enabling devices
[    66.661] (==) Automatically adding GPU devices
[    66.661] (==) Automatically binding GPU devices
[    66.661] (==) Max clients allowed: 256, resource mask: 0x1fffff
[    66.662] (WW) The directory "/usr/share/fonts/X11/cyrillic" does not exist.
[    66.662] 	Entry deleted from font path.
[    66.662] (WW) The directory "/usr/share/fonts/X11/100dpi/" does not exist.
[    66.662] 	Entry deleted from font path.
[    66.662] (WW) The directory "/usr/share/fonts/X11/75dpi/" does not exist.
[    66.662] 	Entry deleted from font path.
[    66.662] (WW) The directory "/usr/share/fonts/X11/100dpi" does not exist.
[    66.662] 	Entry deleted from font path.
[    66.662] (WW) The directory "/usr/share/fonts/X11/75dpi" does not exist.
[    66.662] 	Entry deleted from font path.
[    66.662] (==) FontPath set to:
	/usr/share/fonts/X11/misc,
	/usr/share/fonts/X11/Type1,
	built-ins
[    66.662] (==) ModulePath set to "/usr/lib/xorg/modules"
[    66.662] (II) The server relies on udev to provide the list of input devices.
	If no devices become available, reconfigure udev or disable AutoAddDevices.
[    66.662] (II) Loader magic: 0x555b404f5020
[    66.662] (II) Module ABI versions:
[    66.662] 	X.Org ANSI C Emulation: 0.4
[    66.662] 	X.Org Video Driver: 23.0
[    66.662] 	X.Org XInput driver : 24.1
[    66.662] 	X.Org Server Extension : 10.0
[    66.664] (++) using VT number 2

[    66.668] (II) systemd-logind: took control of session /org/freedesktop/login1/session/_32
[    66.669] (II) xfree86: Adding drm device (/dev/dri/card0)
[    66.671] (II) systemd-logind: got fd for /dev/dri/card0 226:0 fd 12 paused 0
[    66.674] (--) PCI:*(0:0:2:0) 8086:0166:1025:0835 rev 9, Mem @ 0xc0000000/4194304, 0xb0000000/268435456, I/O @ 0x00002000/64, BIOS @ 0x????????/131072
[    66.674] (II) LoadModule: "glx"
[    66.735] (II) Loading /usr/lib/xorg/modules/extensions/libglx.so
[    66.758] (II) Module glx: vendor="X.Org Foundation"
[    66.759] 	compiled for 1.19.6, module version = 1.0.0
[    66.759] 	ABI class: X.Org Server Extension, version 10.0
[    66.759] (==) Matched modesetting as autoconfigured driver 0
[    66.759] (==) Matched fbdev as autoconfigured driver 1
[    66.759] (==) Matched vesa as autoconfigured driver 2
[    66.759] (==) Assigned the driver to the xf86ConfigLayout
[    66.759] (II) LoadModule: "modesetting"
[    66.759] (II) Loading /usr/lib/xorg/modules/drivers/modesetting_drv.so
[    66.763] (II) Module modesetting: vendor="X.Org Foundation"
[    66.763] 	compiled for 1.19.6, module version = 1.19.6
[    66.763] 	Module class: X.Org Video Driver
[    66.763] 	ABI class: X.Org Video Driver, version 23.0
[    66.763] (II) LoadModule: "fbdev"
[    66.764] (II) Loading /usr/lib/xorg/modules/drivers/fbdev_drv.so
[    66.779] (II) Module fbdev: vendor="X.Org Foundation"
[    66.779] 	compiled for 1.19.3, module version = 0.4.4
[    66.779] 	Module class: X.Org Video Driver
[    66.779] 	ABI class: X.Org Video Driver, version 23.0
[    66.779] (II) LoadModule: "vesa"
[    66.779] (II) Loading /usr/lib/xorg/modules/drivers/vesa_drv.so
[    66.797] (II) Module vesa: vendor="X.Org Foundation"
[    66.797] 	compiled for 1.19.3, module version = 2.3.4
[    66.797] 	Module class: X.Org Video Driver
[    66.797] 	ABI class: X.Org Video Driver, version 23.0
[    66.797] (II) modesetting: Driver for Modesetting Kernel Drivers: kms
[    66.797] (II) FBDEV: driver for framebuffer: fbdev
[    66.797] (II) VESA: driver for VESA chipsets: vesa
[    66.797] xf86EnableIOPorts: failed to set IOPL for I/O (Operation not permitted)
[    66.797] (II) modeset(0): using drv /dev/dri/card0
[    66.797] (WW) Falling back to old probe method for fbdev
[    66.797] (II) Loading sub module "fbdevhw"
[    66.797] (II) LoadModule: "fbdevhw"
[    66.797] (II) Loading /usr/lib/xorg/modules/libfbdevhw.so
[    66.798] (II) Module fbdevhw: vendor="X.Org Foundation"
[    66.798] 	compiled for 1.19.6, module version = 0.0.2
[    66.798] 	ABI class: X.Org Video Driver, version 23.0
[    66.798] (EE) open /dev/fb0: Permission denied
[    66.798] (WW) Falling back to old probe method for vesa
[    66.798] (WW) VGA arbiter: cannot open kernel arbiter, no multi-card support
[    66.798] (II) modeset(0): Creating default Display subsection in Screen section
	"Default Screen Section" for depth/fbbpp 24/32
[    66.798] (==) modeset(0): Depth 24, (==) framebuffer bpp 32
[    66.798] (==) modeset(0): RGB weight 888
[    66.798] (==) modeset(0): Default visual is TrueColor
[    66.798] (II) Loading sub module "glamoregl"
[    66.798] (II) LoadModule: "glamoregl"
[    66.799] (II) Loading /usr/lib/xorg/modules/libglamoregl.so
[    66.822] (II) Module glamoregl: vendor="X.Org Foundation"
[    66.822] 	compiled for 1.19.6, module version = 1.0.0
[    66.822] 	ABI class: X.Org ANSI C Emulation, version 0.4
[    66.822] (II) glamor: OpenGL accelerated X.org driver based.
[    66.835] (II) glamor: EGL version 1.4 (DRI2):
[    66.840] (II) modeset(0): glamor initialized
[    66.841] (II) modeset(0): Output eDP-1 has no monitor section
[    66.846] (II) modeset(0): Output VGA-1 has no monitor section
[    66.856] (II) modeset(0): Output HDMI-1 has no monitor section
[    66.856] (II) modeset(0): Output DP-1 has no monitor section
[    66.863] (II) modeset(0): EDID for output eDP-1
[    66.863] (II) modeset(0): Manufacturer: AUO  Model: 48ec  Serial#: 0
[    66.863] (II) modeset(0): Year: 2013  Week: 0
[    66.863] (II) modeset(0): EDID Version: 1.4
[    66.863] (II) modeset(0): Digital Display Input
[    66.863] (II) modeset(0): 6 bits per channel
[    66.863] (II) modeset(0): Digital interface is DisplayPort
[    66.863] (II) modeset(0): Max Image Size [cm]: horiz.: 34  vert.: 19
[    66.863] (II) modeset(0): Gamma: 2.20
[    66.863] (II) modeset(0): No DPMS capabilities specified
[    66.864] (II) modeset(0): Supported color encodings: RGB 4:4:4 
[    66.864] (II) modeset(0): First detailed timing is preferred mode
[    66.864] (II) modeset(0): Preferred mode is native pixel format and refresh rate
[    66.864] (II) modeset(0): redX: 0.590 redY: 0.340   greenX: 0.330 greenY: 0.550
[    66.864] (II) modeset(0): blueX: 0.150 blueY: 0.140   whiteX: 0.313 whiteY: 0.329
[    66.864] (II) modeset(0): Manufacturer's mask: 0
[    66.864] (II) modeset(0): Supported detailed timing:
[    66.864] (II) modeset(0): clock: 76.3 MHz   Image Size:  344 x 193 mm
[    66.864] (II) modeset(0): h_active: 1366  h_sync: 1404  h_sync_end 1426 h_blank_end 1592 h_border: 0
[    66.864] (II) modeset(0): v_active: 768  v_sync: 771  v_sync_end 777 v_blanking: 798 v_border: 0
[    66.864] (II) modeset(0): Unknown vendor-specific block f
[    66.864] (II) modeset(0):  AUO
[    66.864] (II) modeset(0):  B156XW004.8
[    66.864] (II) modeset(0): EDID (in hex):
[    66.864] (II) modeset(0): 	00ffffffffffff0006afec4800000000
[    66.864] (II) modeset(0): 	0017010495221378020bb59757548c26
[    66.864] (II) modeset(0): 	23505400000001010101010101010101
[    66.864] (II) modeset(0): 	010101010101ce1d56e250001e302616
[    66.864] (II) modeset(0): 	360058c1100000180000000f00000000
[    66.864] (II) modeset(0): 	00000000000000000020000000fe0041
[    66.864] (II) modeset(0): 	554f0a202020202020202020000000fe
[    66.864] (II) modeset(0): 	004231353658573030342e38200a00d3
[    66.865] (II) modeset(0): Printing probed modes for output eDP-1
[    66.865] (II) modeset(0): Modeline "1366x768"x60.1   76.30  1366 1404 1426 1592  768 771 777 798 -hsync -vsync (47.9 kHz eP)
[    66.865] (II) modeset(0): Modeline "1360x768"x59.8   84.75  1360 1432 1568 1776  768 771 781 798 -hsync +vsync (47.7 kHz d)
[    66.865] (II) modeset(0): Modeline "1360x768"x60.0   72.00  1360 1408 1440 1520  768 771 781 790 +hsync -vsync (47.4 kHz d)
[    66.865] (II) modeset(0): Modeline "1280x720"x120.0  156.12  1280 1376 1512 1744  720 721 724 746 doublescan -hsync +vsync (89.5 kHz d)
[    66.865] (II) modeset(0): Modeline "1280x720"x120.0  120.75  1280 1304 1320 1360  720 721 724 740 doublescan +hsync -vsync (88.8 kHz d)
[    66.865] (II) modeset(0): Modeline "1280x720"x59.9   74.50  1280 1344 1472 1664  720 723 728 748 -hsync +vsync (44.8 kHz d)
[    66.865] (II) modeset(0): Modeline "1280x720"x59.7   63.75  1280 1328 1360 1440  720 723 728 741 +hsync -vsync (44.3 kHz d)
[    66.865] (II) modeset(0): Modeline "1024x768"x120.1  133.47  1024 1100 1212 1400  768 768 770 794 doublescan -hsync +vsync (95.3 kHz d)
[    66.865] (II) modeset(0): Modeline "1024x768"x60.0   65.00  1024 1048 1184 1344  768 771 777 806 -hsync -vsync (48.4 kHz d)
[    66.865] (II) modeset(0): Modeline "960x720"x120.0  117.00  960 1024 1128 1300  720 720 722 750 doublescan -hsync +vsync (90.0 kHz d)
[    66.865] (II) modeset(0): Modeline "928x696"x120.1  109.15  928 976 1088 1264  696 696 698 719 doublescan -hsync +vsync (86.4 kHz d)
[    66.865] (II) modeset(0): Modeline "896x672"x120.0  102.40  896 960 1060 1224  672 672 674 697 doublescan -hsync +vsync (83.7 kHz d)
[    66.865] (II) modeset(0): Modeline "1024x576"x119.9   98.50  1024 1092 1200 1376  576 577 580 597 doublescan -hsync +vsync (71.6 kHz d)
[    66.865] (II) modeset(0): Modeline "1024x576"x119.9   78.38  1024 1048 1064 1104  576 577 580 592 doublescan +hsync -vsync (71.0 kHz d)
[    66.865] (II) modeset(0): Modeline "1024x576"x59.9   46.50  1024 1064 1160 1296  576 579 584 599 -hsync +vsync (35.9 kHz d)
[    66.865] (II) modeset(0): Modeline "1024x576"x59.8   42.00  1024 1072 1104 1184  576 579 584 593 +hsync -vsync (35.5 kHz d)
[    66.865] (II) modeset(0): Modeline "960x600"x119.9   96.62  960 1028 1128 1296  600 601 604 622 doublescan -hsync +vsync (74.6 kHz d)
[    66.865] (II) modeset(0): Modeline "960x600"x120.0   77.00  960 984 1000 1040  600 601 604 617 doublescan +hsync -vsync (74.0 kHz d)
[    66.865] (II) modeset(0): Modeline "960x540"x119.9   86.50  960 1024 1124 1288  540 541 544 560 doublescan -hsync +vsync (67.2 kHz d)
[    66.865] (II) modeset(0): Modeline "960x540"x120.0   69.25  960 984 1000 1040  540 541 544 555 doublescan +hsync -vsync (66.6 kHz d)
[    66.865] (II) modeset(0): Modeline "960x540"x59.6   40.75  960 992 1088 1216  540 543 548 562 -hsync +vsync (33.5 kHz d)
[    66.865] (II) modeset(0): Modeline "960x540"x59.8   37.25  960 1008 1040 1120  540 543 548 556 +hsync -vsync (33.3 kHz d)
[    66.865] (II) modeset(0): Modeline "800x600"x120.0   81.00  800 832 928 1080  600 600 602 625 doublescan +hsync +vsync (75.0 kHz d)
[    66.865] (II) modeset(0): Modeline "800x600"x60.3   40.00  800 840 968 1056  600 601 605 628 +hsync +vsync (37.9 kHz d)
[    66.865] (II) modeset(0): Modeline "800x600"x56.2   36.00  800 824 896 1024  600 601 603 625 +hsync +vsync (35.2 kHz d)
[    66.865] (II) modeset(0): Modeline "840x525"x120.0   73.12  840 892 980 1120  525 526 529 544 doublescan -hsync +vsync (65.3 kHz d)
[    66.865] (II) modeset(0): Modeline "840x525"x119.8   59.50  840 864 880 920  525 526 529 540 doublescan +hsync -vsync (64.7 kHz d)
[    66.865] (II) modeset(0): Modeline "864x486"x59.9   32.50  864 888 968 1072  486 489 494 506 -hsync +vsync (30.3 kHz d)
[    66.865] (II) modeset(0): Modeline "864x486"x59.6   30.50  864 912 944 1024  486 489 494 500 +hsync -vsync (29.8 kHz d)
[    66.865] (II) modeset(0): Modeline "800x512"x120.3   51.56  800 800 828 832  512 512 514 515 doublescan +hsync +vsync (62.0 kHz d)
[    66.865] (II) modeset(0): Modeline "700x525"x120.0   61.00  700 744 820 940  525 526 532 541 doublescan +hsync +vsync (64.9 kHz d)
[    66.866] (II) modeset(0): Modeline "800x450"x119.9   59.12  800 848 928 1056  450 451 454 467 doublescan -hsync +vsync (56.0 kHz d)
[    66.866] (II) modeset(0): Modeline "800x450"x119.6   48.75  800 824 840 880  450 451 454 463 doublescan +hsync -vsync (55.4 kHz d)
[    66.866] (II) modeset(0): Modeline "640x512"x120.0   54.00  640 664 720 844  512 512 514 533 doublescan +hsync +vsync (64.0 kHz d)
[    66.866] (II) modeset(0): Modeline "720x450"x119.8   53.25  720 760 836 952  450 451 454 467 doublescan -hsync +vsync (55.9 kHz d)
[    66.866] (II) modeset(0): Modeline "700x450"x119.9   51.75  700 740 812 924  450 451 456 467 doublescan -hsync +vsync (56.0 kHz d)
[    66.866] (II) modeset(0): Modeline "700x450"x119.8   43.25  700 724 740 780  450 451 456 463 doublescan +hsync -vsync (55.4 kHz d)
[    66.866] (II) modeset(0): Modeline "640x480"x120.0   54.00  640 688 744 900  480 480 482 500 doublescan +hsync +vsync (60.0 kHz d)
[    66.866] (II) modeset(0): Modeline "640x480"x59.9   25.18  640 656 752 800  480 490 492 525 -hsync -vsync (31.5 kHz d)
[    66.866] (II) modeset(0): Modeline "720x405"x59.5   22.50  720 744 808 896  405 408 413 422 -hsync +vsync (25.1 kHz d)
[    66.866] (II) modeset(0): Modeline "720x405"x59.0   21.75  720 768 800 880  405 408 413 419 +hsync -vsync (24.7 kHz d)
[    66.866] (II) modeset(0): Modeline "684x384"x119.8   42.62  684 720 788 892  384 385 390 399 doublescan -hsync +vsync (47.8 kHz d)
[    66.866] (II) modeset(0): Modeline "684x384"x119.7   36.12  684 708 724 764  384 385 390 395 doublescan +hsync -vsync (47.3 kHz d)
[    66.866] (II) modeset(0): Modeline "680x384"x119.6   42.38  680 716 784 888  384 385 390 399 doublescan -hsync +vsync (47.7 kHz d)
[    66.866] (II) modeset(0): Modeline "680x384"x119.9   36.00  680 704 720 760  384 385 390 395 doublescan +hsync -vsync (47.4 kHz d)
[    66.866] (II) modeset(0): Modeline "640x400"x119.8   41.75  640 676 740 840  400 401 404 415 doublescan -hsync +vsync (49.7 kHz d)
[    66.866] (II) modeset(0): Modeline "640x400"x120.0   35.50  640 664 680 720  400 401 404 411 doublescan +hsync -vsync (49.3 kHz d)
[    66.866] (II) modeset(0): Modeline "576x432"x120.1   40.81  576 608 668 760  432 432 434 447 doublescan -hsync +vsync (53.7 kHz d)
[    66.866] (II) modeset(0): Modeline "640x360"x119.7   37.25  640 672 736 832  360 361 364 374 doublescan -hsync +vsync (44.8 kHz d)
[    66.866] (II) modeset(0): Modeline "640x360"x119.7   31.88  640 664 680 720  360 361 364 370 doublescan +hsync -vsync (44.3 kHz d)
[    66.866] (II) modeset(0): Modeline "640x360"x59.8   18.00  640 664 720 800  360 363 368 376 -hsync +vsync (22.5 kHz d)
[    66.866] (II) modeset(0): Modeline "640x360"x59.3   17.75  640 688 720 800  360 363 368 374 +hsync -vsync (22.2 kHz d)
[    66.866] (II) modeset(0): Modeline "512x384"x120.0   32.50  512 524 592 672  384 385 388 403 doublescan -hsync -vsync (48.4 kHz d)
[    66.866] (II) modeset(0): Modeline "512x288"x120.0   23.25  512 532 580 648  288 289 292 299 doublescan -hsync +vsync (35.9 kHz d)
[    66.866] (II) modeset(0): Modeline "512x288"x119.8   21.00  512 536 552 592  288 289 292 296 doublescan +hsync -vsync (35.5 kHz d)
[    66.866] (II) modeset(0): Modeline "480x270"x119.3   20.38  480 496 544 608  270 271 274 281 doublescan -hsync +vsync (33.5 kHz d)
[    66.866] (II) modeset(0): Modeline "480x270"x119.6   18.62  480 504 520 560  270 271 274 278 doublescan +hsync -vsync (33.3 kHz d)
[    66.866] (II) modeset(0): Modeline "400x300"x120.6   20.00  400 420 484 528  300 300 302 314 doublescan +hsync +vsync (37.9 kHz d)
[    66.866] (II) modeset(0): Modeline "400x300"x112.7   18.00  400 412 448 512  300 300 301 312 doublescan +hsync +vsync (35.2 kHz d)
[    66.866] (II) modeset(0): Modeline "432x243"x119.8   16.25  432 444 484 536  243 244 247 253 doublescan -hsync +vsync (30.3 kHz d)
[    66.866] (II) modeset(0): Modeline "432x243"x119.1   15.25  432 456 472 512  243 244 247 250 doublescan +hsync -vsync (29.8 kHz d)
[    66.866] (II) modeset(0): Modeline "320x240"x120.1   12.59  320 328 376 400  240 245 246 262 doublescan -hsync -vsync (31.5 kHz d)
[    66.866] (II) modeset(0): Modeline "360x202"x119.0   11.25  360 372 404 448  202 204 206 211 doublescan -hsync +vsync (25.1 kHz d)
[    66.866] (II) modeset(0): Modeline "360x202"x118.3   10.88  360 384 400 440  202 204 206 209 doublescan +hsync -vsync (24.7 kHz d)
[    66.866] (II) modeset(0): Modeline "320x180"x119.7    9.00  320 332 360 400  180 181 184 188 doublescan -hsync +vsync (22.5 kHz d)
[    66.866] (II) modeset(0): Modeline "320x180"x118.6    8.88  320 344 360 400  180 181 184 187 doublescan +hsync -vsync (22.2 kHz d)
[    66.871] (II) modeset(0): EDID for output VGA-1
[    66.880] (II) modeset(0): EDID for output HDMI-1
[    66.880] (II) modeset(0): EDID for output DP-1
[    66.880] (II) modeset(0): Output eDP-1 connected
[    66.881] (II) modeset(0): Output VGA-1 disconnected
[    66.881] (II) modeset(0): Output HDMI-1 disconnected
[    66.881] (II) modeset(0): Output DP-1 disconnected
[    66.881] (II) modeset(0): Using exact sizes for initial modes
[    66.881] (II) modeset(0): Output eDP-1 using initial mode 1366x768 +0+0
[    66.881] (==) modeset(0): Using gamma correction (1.0, 1.0, 1.0)
[    66.881] (==) modeset(0): DPI set to (96, 96)
[    66.881] (II) Loading sub module "fb"
[    66.881] (II) LoadModule: "fb"
[    66.881] (II) Loading /usr/lib/xorg/modules/libfb.so
[    66.882] (II) Module fb: vendor="X.Org Foundation"
[    66.882] 	compiled for 1.19.6, module version = 1.0.0
[    66.882] 	ABI class: X.Org ANSI C Emulation, version 0.4
[    66.882] (II) UnloadModule: "fbdev"
[    66.882] (II) Unloading fbdev
[    66.882] (II) UnloadSubModule: "fbdevhw"
[    66.882] (II) Unloading fbdevhw
[    66.882] (II) UnloadModule: "vesa"
[    66.882] (II) Unloading vesa
[    66.883] (==) Depth 24 pixmap format is 32 bpp
[    66.995] (==) modeset(0): Backing store enabled
[    66.995] (==) modeset(0): Silken mouse enabled
[    66.996] (II) modeset(0): RandR 1.2 enabled, ignore the following RandR disabled message.
[    67.063] (==) modeset(0): DPMS enabled
[    67.063] (II) modeset(0): [DRI2] Setup complete
[    67.063] (II) modeset(0): [DRI2]   DRI driver: i965
[    67.063] (II) modeset(0): [DRI2]   VDPAU driver: i965
[    67.064] (--) RandR disabled
[    67.068] (II) SELinux: Disabled on system
[    67.076] (II) AIGLX: enabled GLX_MESA_copy_sub_buffer
[    67.076] (II) AIGLX: enabled GLX_ARB_create_context
[    67.076] (II) AIGLX: enabled GLX_ARB_create_context_profile
[    67.076] (II) AIGLX: enabled GLX_EXT_create_context_es{,2}_profile
[    67.076] (II) AIGLX: enabled GLX_INTEL_swap_event
[    67.076] (II) AIGLX: enabled GLX_SGI_swap_control
[    67.076] (II) AIGLX: enabled GLX_EXT_framebuffer_sRGB
[    67.076] (II) AIGLX: enabled GLX_ARB_fbconfig_float
[    67.076] (II) AIGLX: enabled GLX_EXT_fbconfig_packed_float
[    67.076] (II) AIGLX: GLX_EXT_texture_from_pixmap backed by buffer objects
[    67.076] (II) AIGLX: enabled GLX_ARB_create_context_robustness
[    67.076] (II) AIGLX: Loaded and initialized i965
[    67.076] (II) GLX: Initialized DRI2 GL provider for screen 0
[    67.079] (II) modeset(0): Damage tracking initialized
[    67.079] (II) modeset(0): Setting screen physical size to 361 x 203
[    67.145] (II) config/udev: Adding input device Power Button (/dev/input/event3)
[    67.145] (**) Power Button: Applying InputClass "libinput keyboard catchall"
[    67.145] (II) LoadModule: "libinput"
[    67.145] (II) Loading /usr/lib/xorg/modules/input/libinput_drv.so
[    67.148] (II) Module libinput: vendor="X.Org Foundation"
[    67.148] 	compiled for 1.19.6, module version = 0.27.1
[    67.148] 	Module class: X.Org XInput Driver
[    67.148] 	ABI class: X.Org XInput driver, version 24.1
[    67.148] (II) Using input driver 'libinput' for 'Power Button'
[    67.149] (II) systemd-logind: got fd for /dev/input/event3 13:67 fd 21 paused 0
[    67.149] (**) Power Button: always reports core events
[    67.149] (**) Option "Device" "/dev/input/event3"
[    67.149] (**) Option "_source" "server/udev"
[    67.150] (II) event3  - Power Button: is tagged by udev as: Keyboard
[    67.150] (II) event3  - Power Button: device is a keyboard
[    67.150] (II) event3  - Power Button: device removed
[    67.150] (**) Option "config_info" "udev:/sys/devices/LNXSYSTM:00/LNXPWRBN:00/input/input3/event3"
[    67.150] (II) XINPUT: Adding extended input device "Power Button" (type: KEYBOARD, id 6)
[    67.150] (**) Option "xkb_model" "pc105"
[    67.150] (**) Option "xkb_layout" "us"
[    67.151] (II) event3  - Power Button: is tagged by udev as: Keyboard
[    67.151] (II) event3  - Power Button: device is a keyboard
[    67.152] (II) config/udev: Adding input device Video Bus (/dev/input/event5)
[    67.152] (**) Video Bus: Applying InputClass "libinput keyboard catchall"
[    67.152] (II) Using input driver 'libinput' for 'Video Bus'
[    67.153] (II) systemd-logind: got fd for /dev/input/event5 13:69 fd 24 paused 0
[    67.154] (**) Video Bus: always reports core events
[    67.154] (**) Option "Device" "/dev/input/event5"
[    67.154] (**) Option "_source" "server/udev"
[    67.154] (II) event5  - Video Bus: is tagged by udev as: Keyboard
[    67.155] (II) event5  - Video Bus: device is a keyboard
[    67.155] (II) event5  - Video Bus: device removed
[    67.155] (**) Option "config_info" "udev:/sys/devices/LNXSYSTM:00/LNXSYBUS:00/PNP0A08:00/LNXVIDEO:00/input/input7/event5"
[    67.155] (II) XINPUT: Adding extended input device "Video Bus" (type: KEYBOARD, id 7)
[    67.155] (**) Option "xkb_model" "pc105"
[    67.155] (**) Option "xkb_layout" "us"
[    67.156] (II) event5  - Video Bus: is tagged by udev as: Keyboard
[    67.156] (II) event5  - Video Bus: device is a keyboard
[    67.156] (II) config/udev: Adding input device Power Button (/dev/input/event0)
[    67.157] (**) Power Button: Applying InputClass "libinput keyboard catchall"
[    67.157] (II) Using input driver 'libinput' for 'Power Button'
[    67.163] (II) systemd-logind: got fd for /dev/input/event0 13:64 fd 25 paused 0
[    67.163] (**) Power Button: always reports core events
[    67.163] (**) Option "Device" "/dev/input/event0"
[    67.163] (**) Option "_source" "server/udev"
[    67.164] (II) event0  - Power Button: is tagged by udev as: Keyboard
[    67.164] (II) event0  - Power Button: device is a keyboard
[    67.164] (II) event0  - Power Button: device removed
[    67.164] (**) Option "config_info" "udev:/sys/devices/LNXSYSTM:00/LNXSYBUS:00/PNP0A08:00/device:01/PNP0C0C:00/input/input0/event0"
[    67.164] (II) XINPUT: Adding extended input device "Power Button" (type: KEYBOARD, id 8)
[    67.164] (**) Option "xkb_model" "pc105"
[    67.164] (**) Option "xkb_layout" "us"
[    67.165] (II) event0  - Power Button: is tagged by udev as: Keyboard
[    67.165] (II) event0  - Power Button: device is a keyboard
[    67.166] (II) config/udev: Adding input device Lid Switch (/dev/input/event1)
[    67.166] (II) No input driver specified, ignoring this device.
[    67.166] (II) This device may have been added with another device file.
[    67.167] (II) config/udev: Adding input device Sleep Button (/dev/input/event2)
[    67.167] (**) Sleep Button: Applying InputClass "libinput keyboard catchall"
[    67.167] (II) Using input driver 'libinput' for 'Sleep Button'
[    67.168] (II) systemd-logind: got fd for /dev/input/event2 13:66 fd 26 paused 0
[    67.168] (**) Sleep Button: always reports core events
[    67.168] (**) Option "Device" "/dev/input/event2"
[    67.169] (**) Option "_source" "server/udev"
[    67.169] (II) event2  - Sleep Button: is tagged by udev as: Keyboard
[    67.169] (II) event2  - Sleep Button: device is a keyboard
[    67.169] (II) event2  - Sleep Button: device removed
[    67.169] (**) Option "config_info" "udev:/sys/devices/LNXSYSTM:00/LNXSYBUS:00/PNP0A08:00/device:01/PNP0C0E:00/input/input2/event2"
[    67.169] (II) XINPUT: Adding extended input device "Sleep Button" (type: KEYBOARD, id 9)
[    67.169] (**) Option "xkb_model" "pc105"
[    67.170] (**) Option "xkb_layout" "us"
[    67.170] (II) event2  - Sleep Button: is tagged by udev as: Keyboard
[    67.170] (II) event2  - Sleep Button: device is a keyboard
[    67.172] (II) config/udev: Adding input device HD WebCam: HD WebCam (/dev/input/event10)
[    67.172] (**) HD WebCam: HD WebCam: Applying InputClass "libinput keyboard catchall"
[    67.172] (II) Using input driver 'libinput' for 'HD WebCam: HD WebCam'
[    67.175] (II) systemd-logind: got fd for /dev/input/event10 13:74 fd 27 paused 0
[    67.175] (**) HD WebCam: HD WebCam: always reports core events
[    67.175] (**) Option "Device" "/dev/input/event10"
[    67.175] (**) Option "_source" "server/udev"
[    67.176] (II) event10 - HD WebCam: HD WebCam: is tagged by udev as: Keyboard
[    67.176] (II) event10 - HD WebCam: HD WebCam: device is a keyboard
[    67.176] (II) event10 - HD WebCam: HD WebCam: device removed
[    67.176] (**) Option "config_info" "udev:/sys/devices/pci0000:00/0000:00:1a.0/usb1/1-1/1-1.3/1-1.3:1.0/input/input11/event10"
[    67.176] (II) XINPUT: Adding extended input device "HD WebCam: HD WebCam" (type: KEYBOARD, id 10)
[    67.176] (**) Option "xkb_model" "pc105"
[    67.176] (**) Option "xkb_layout" "us"
[    67.177] (II) event10 - HD WebCam: HD WebCam: is tagged by udev as: Keyboard
[    67.177] (II) event10 - HD WebCam: HD WebCam: device is a keyboard
[    67.178] (II) config/udev: Adding input device HDA Intel PCH HDMI/DP,pcm=3 (/dev/input/event9)
[    67.178] (II) No input driver specified, ignoring this device.
[    67.178] (II) This device may have been added with another device file.
[    67.178] (II) config/udev: Adding input device HDA Intel PCH Headphone (/dev/input/event8)
[    67.178] (II) No input driver specified, ignoring this device.
[    67.178] (II) This device may have been added with another device file.
[    67.179] (II) config/udev: Adding input device AT Translated Set 2 keyboard (/dev/input/event4)
[    67.179] (**) AT Translated Set 2 keyboard: Applying InputClass "libinput keyboard catchall"
[    67.179] (II) Using input driver 'libinput' for 'AT Translated Set 2 keyboard'
[    67.180] (II) systemd-logind: got fd for /dev/input/event4 13:68 fd 28 paused 0
[    67.180] (**) AT Translated Set 2 keyboard: always reports core events
[    67.180] (**) Option "Device" "/dev/input/event4"
[    67.180] (**) Option "_source" "server/udev"
[    67.181] (II) event4  - AT Translated Set 2 keyboard: is tagged by udev as: Keyboard
[    67.181] (II) event4  - AT Translated Set 2 keyboard: device is a keyboard
[    67.181] (II) event4  - AT Translated Set 2 keyboard: device removed
[    67.181] (**) Option "config_info" "udev:/sys/devices/platform/i8042/serio0/input/input4/event4"
[    67.181] (II) XINPUT: Adding extended input device "AT Translated Set 2 keyboard" (type: KEYBOARD, id 11)
[    67.181] (**) Option "xkb_model" "pc105"
[    67.181] (**) Option "xkb_layout" "us"
[    67.182] (II) event4  - AT Translated Set 2 keyboard: is tagged by udev as: Keyboard
[    67.183] (II) event4  - AT Translated Set 2 keyboard: device is a keyboard
[    67.183] (II) config/udev: Adding input device ETPS/2 Elantech Touchpad (/dev/input/event6)
[    67.183] (**) ETPS/2 Elantech Touchpad: Applying InputClass "libinput touchpad catchall"
[    67.183] (II) Using input driver 'libinput' for 'ETPS/2 Elantech Touchpad'
[    67.184] (II) systemd-logind: got fd for /dev/input/event6 13:70 fd 29 paused 0
[    67.185] (**) ETPS/2 Elantech Touchpad: always reports core events
[    67.185] (**) Option "Device" "/dev/input/event6"
[    67.185] (**) Option "_source" "server/udev"
[    67.185] (II) event6  - ETPS/2 Elantech Touchpad: is tagged by udev as: Touchpad
[    67.185] (II) event6  - ETPS/2 Elantech Touchpad: device is a touchpad
[    67.185] (II) event6  - ETPS/2 Elantech Touchpad: device removed
[    67.185] (**) Option "config_info" "udev:/sys/devices/platform/i8042/serio1/input/input6/event6"
[    67.185] (II) XINPUT: Adding extended input device "ETPS/2 Elantech Touchpad" (type: TOUCHPAD, id 12)
[    67.186] (**) Option "AccelerationScheme" "none"
[    67.186] (**) ETPS/2 Elantech Touchpad: (accel) selected scheme none/0
[    67.186] (**) ETPS/2 Elantech Touchpad: (accel) acceleration factor: 2.000
[    67.186] (**) ETPS/2 Elantech Touchpad: (accel) acceleration threshold: 4
[    67.187] (II) event6  - ETPS/2 Elantech Touchpad: is tagged by udev as: Touchpad
[    67.187] (II) event6  - ETPS/2 Elantech Touchpad: device is a touchpad
[    67.187] (II) config/udev: Adding input device ETPS/2 Elantech Touchpad (/dev/input/mouse0)
[    67.187] (II) No input driver specified, ignoring this device.
[    67.187] (II) This device may have been added with another device file.
[    67.191] (II) config/udev: Adding input device Acer WMI hotkeys (/dev/input/event7)
[    67.191] (**) Acer WMI hotkeys: Applying InputClass "libinput keyboard catchall"
[    67.191] (II) Using input driver 'libinput' for 'Acer WMI hotkeys'
[    67.192] (II) systemd-logind: got fd for /dev/input/event7 13:71 fd 30 paused 0
[    67.192] (**) Acer WMI hotkeys: always reports core events
[    67.192] (**) Option "Device" "/dev/input/event7"
[    67.192] (**) Option "_source" "server/udev"
[    67.193] (II) event7  - Acer WMI hotkeys: is tagged by udev as: Keyboard
[    67.193] (II) event7  - Acer WMI hotkeys: device is a keyboard
[    67.193] (II) event7  - Acer WMI hotkeys: device removed
[    67.193] (**) Option "config_info" "udev:/sys/devices/virtual/input/input8/event7"
[    67.193] (II) XINPUT: Adding extended input device "Acer WMI hotkeys" (type: KEYBOARD, id 13)
[    67.193] (**) Option "xkb_model" "pc105"
[    67.193] (**) Option "xkb_layout" "us"
[    67.194] (II) event7  - Acer WMI hotkeys: is tagged by udev as: Keyboard
[    67.194] (II) event7  - Acer WMI hotkeys: device is a keyboard
[    69.316] (II) modeset(0): EDID vendor "AUO", prod id 18668
[    69.316] (II) modeset(0): Printing DDC gathered Modelines:
[    69.316] (II) modeset(0): Modeline "1366x768"x0.0   76.30  1366 1404 1426 1592  768 771 777 798 -hsync -vsync (47.9 kHz eP)
[    77.926] (II) modeset(0): EDID vendor "AUO", prod id 18668
[    77.926] (II) modeset(0): Printing DDC gathered Modelines:
[    77.926] (II) modeset(0): Modeline "1366x768"x0.0   76.30  1366 1404 1426 1592  768 771 777 798 -hsync -vsync (47.9 kHz eP)
[    93.410] (II) Axis 0 value 4095 is outside expected range [-148, 3108]
See https://wayland.freedesktop.org/libinput/doc/1.10.4//absolute_coordinate_ranges.html for details
[   119.305] (II) modeset(0): EDID vendor "AUO", prod id 18668
[   119.305] (II) modeset(0): Printing DDC gathered Modelines:
[   119.305] (II) modeset(0): Modeline "1366x768"x0.0   76.30  1366 1404 1426 1592  768 771 777 798 -hsync -vsync (47.9 kHz eP)
[   129.496] (**) Option "fd" "21"
[   129.497] (II) event3  - Power Button: device removed
[   129.497] (**) Option "fd" "24"
[   129.497] (II) event5  - Video Bus: device removed
[   129.497] (**) Option "fd" "25"
[   129.497] (II) event0  - Power Button: device removed
[   129.497] (**) Option "fd" "26"
[   129.497] (II) event2  - Sleep Button: device removed
[   129.497] (**) Option "fd" "27"
[   129.497] (II) event10 - HD WebCam: HD WebCam: device removed
[   129.497] (**) Option "fd" "28"
[   129.497] (II) event4  - AT Translated Set 2 keyboard: device removed
[   129.497] (**) Option "fd" "29"
[   129.497] (II) event6  - ETPS/2 Elantech Touchpad: device removed
[   129.497] (**) Option "fd" "30"
[   129.498] (II) event7  - Acer WMI hotkeys: device removed
[   129.498] (II) UnloadModule: "libinput"
[   129.499] (II) systemd-logind: releasing fd for 13:71
[   129.512] (II) UnloadModule: "libinput"
[   129.512] (II) systemd-logind: releasing fd for 13:70
[   129.552] (II) UnloadModule: "libinput"
[   129.552] (II) systemd-logind: releasing fd for 13:68
[   129.576] (II) UnloadModule: "libinput"
[   129.576] (II) systemd-logind: releasing fd for 13:74
[   129.632] (II) UnloadModule: "libinput"
[   129.632] (II) systemd-logind: releasing fd for 13:66
[   129.660] (II) UnloadModule: "libinput"
[   129.660] (II) systemd-logind: releasing fd for 13:64
[   129.680] (II) UnloadModule: "libinput"
[   129.680] (II) systemd-logind: releasing fd for 13:69
[   129.704] (II) UnloadModule: "libinput"
[   129.704] (II) systemd-logind: releasing fd for 13:67
[   131.058] (II) Server terminated successfully (0). Closing log file.
